<?xml version="1.0" encoding="UTF-8"?>
<testng-results ignored="22" total="22" passed="0" failed="0" skipped="0">
  <reporter-output>
  </reporter-output>
  <suite started-at="2022-01-18T00:32:43 IST" name="Default suite" finished-at="2022-01-18T00:32:45 IST" duration-ms="2129">
    <groups>
    </groups>
    <test started-at="2022-01-18T00:32:43 IST" name="Default test" finished-at="2022-01-18T00:32:45 IST" duration-ms="2129">
      <class name="pages.my_page">
        <test-method is-config="true" signature="beforeTest()[pri:0, instance:pages.my_page@5562c41e]" started-at="2022-01-18T00:32:43 IST" name="beforeTest" finished-at="2022-01-18T00:32:45 IST" duration-ms="2114" status="PASS">
          <reporter-output>
          </reporter-output>
        </test-method> <!-- beforeTest -->
      </class> <!-- pages.my_page -->
    </test> <!-- Default test -->
  </suite> <!-- Default suite -->
</testng-results>
