<?xml version="1.0" encoding="UTF-8"?>
<!-- Generated by org.testng.reporters.JUnitXMLReporter -->
<testsuite ignored="22" hostname="barak-System-Product-Name" failures="0" tests="0" time="2.129" errors="0" timestamp="2022-01-18T00:32:45 IST">
  <testcase classname="pages.my_page" name="test2" time="0.0">
    <ignored/>
  </testcase> <!-- test2 -->
  <testcase classname="pages.my_page" name="test9" time="0.0">
    <ignored/>
  </testcase> <!-- test9 -->
  <testcase classname="pages.my_page" name="test7" time="0.0">
    <ignored/>
  </testcase> <!-- test7 -->
  <testcase classname="pages.my_page" name="test8" time="0.0">
    <ignored/>
  </testcase> <!-- test8 -->
  <testcase classname="pages.my_page" name="test17" time="0.0">
    <ignored/>
  </testcase> <!-- test17 -->
  <testcase classname="pages.my_page" name="test5" time="0.0">
    <ignored/>
  </testcase> <!-- test5 -->
  <testcase classname="pages.my_page" name="test6" time="0.0">
    <ignored/>
  </testcase> <!-- test6 -->
  <testcase classname="pages.my_page" name="test3" time="0.0">
    <ignored/>
  </testcase> <!-- test3 -->
  <testcase classname="pages.my_page" name="test4" time="0.0">
    <ignored/>
  </testcase> <!-- test4 -->
  <testcase classname="pages.my_page" name="test1" time="0.0">
    <ignored/>
  </testcase> <!-- test1 -->
  <testcase classname="pages.my_page" name="test19" time="0.0">
    <ignored/>
  </testcase> <!-- test19 -->
  <testcase classname="pages.my_page" name="test18" time="0.0">
    <ignored/>
  </testcase> <!-- test18 -->
  <testcase classname="pages.my_page" name="test20" time="0.0">
    <ignored/>
  </testcase> <!-- test20 -->
  <testcase classname="pages.my_page" name="test13" time="0.0">
    <ignored/>
  </testcase> <!-- test13 -->
  <testcase classname="pages.my_page" name="test12" time="0.0">
    <ignored/>
  </testcase> <!-- test12 -->
  <testcase classname="pages.my_page" name="test11" time="0.0">
    <ignored/>
  </testcase> <!-- test11 -->
  <testcase classname="pages.my_page" name="test22" time="0.0">
    <ignored/>
  </testcase> <!-- test22 -->
  <testcase classname="pages.my_page" name="test10" time="0.0">
    <ignored/>
  </testcase> <!-- test10 -->
  <testcase classname="pages.my_page" name="test21" time="0.0">
    <ignored/>
  </testcase> <!-- test21 -->
  <testcase classname="pages.my_page" name="test16" time="0.0">
    <ignored/>
  </testcase> <!-- test16 -->
  <testcase classname="pages.my_page" name="test15" time="0.0">
    <ignored/>
  </testcase> <!-- test15 -->
  <testcase classname="pages.my_page" name="test14" time="0.0">
    <ignored/>
  </testcase> <!-- test14 -->
</testsuite>
